INFO - [♥] Lovely 0.8.0
INFO - [♥] Game directory is at "C:\\Program Files (x86)\\Steam\\steamapps\\common\\Balatro"
INFO - [♥] Writing logs to "C:\\Users\\Cameron\\AppData\\Roaming\\Balatro\\Mods\\lovely\\log"
INFO - [♥] Using mod directory at "C:\\Users\\Cameron\\AppData\\Roaming\\Balatro\\Mods"
WARN - [♥] Unknown key `patches.1.?.match_indent` found in patch file at "C:\\Users\\Cameron\\AppData\\Roaming\\Balatro\\Mods\\Cartomancer\\lovely\\blinds-info.toml", ignoring it
WARN - [♥] Unknown key `patches.2.?.match_indent` found in patch file at "C:\\Users\\Cameron\\AppData\\Roaming\\Balatro\\Mods\\Cartomancer\\lovely\\stackable-deck-steamodded.toml", ignoring it
WARN - [♥] Unknown key `patches.4.?.match_indent` found in patch file at "C:\\Users\\Cameron\\AppData\\Roaming\\Balatro\\Mods\\Cartomancer\\lovely\\stackable-deck-steamodded.toml", ignoring it
WARN - [♥] Unknown key `patches.6.?.match_indent` found in patch file at "C:\\Users\\Cameron\\AppData\\Roaming\\Balatro\\Mods\\Cartomancer\\lovely\\stackable-deck-steamodded.toml", ignoring it
WARN - [♥] Unknown key `patches.18.?.match_indent` found in patch file at "C:\\Users\\Cameron\\AppData\\Roaming\\Balatro\\Mods\\Cryptid\\lovely\\code.toml", ignoring it
WARN - [♥] Unknown key `patches.1.?.match_indent` found in patch file at "C:\\Users\\Cameron\\AppData\\Roaming\\Balatro\\Mods\\HandyBalatro\\lovely\\controls_misc.toml", ignoring it
WARN - [♥] Unknown key `patches.1.?.overwrite` found in patch file at "C:\\Users\\Cameron\\AppData\\Roaming\\Balatro\\Mods\\HandyBalatro\\lovely\\controls_misc.toml", ignoring it
WARN - [♥] Unknown key `patches.0.?.overwrite` found in patch file at "C:\\Users\\Cameron\\AppData\\Roaming\\Balatro\\Mods\\HandyBalatro\\lovely\\controls_show_deck_preview.toml", ignoring it
WARN - [♥] Unknown key `patches.0.?.match_indent` found in patch file at "C:\\Users\\Cameron\\AppData\\Roaming\\Balatro\\Mods\\Steamodded\\lovely\\scoring_calculation.toml", ignoring it
WARN - [♥] Unknown key `patches.7.?.match_indent` found in patch file at "C:\\Users\\Cameron\\AppData\\Roaming\\Balatro\\Mods\\Steamodded\\lovely\\scoring_calculation.toml", ignoring it
INFO - [♥] Initialization complete in 58ms
INFO - [♥] Applied 1 patch to 'conf.lua'
WARN - [♥] Pattern 'G.ARGS.score_intensity.organ = G.video_organ or G.ARGS.score_intensity.required_score > 0 and math.max(math.min(0.4, 0.1*math.log(G.ARGS.score_intensity.earned_score/(G.ARGS.score_intensity.required_score+1), 5)),0.) or 0' on target 'main.lua' for pattern patch from Talisman\lovely.toml resulted in no matches
WARN - [♥] Pattern 'if type(G.GAME.current_round.current_hand.chips) ~= \'number\' or type(G.GAME.current_round.current_hand.mult) ~= \'number\' then' on target 'main.lua' for pattern patch from Talisman\lovely.toml resulted in no matches
WARN - [♥] Pattern 'assert(load(nfs.read(Saturn.PATH .. \"/core/logic/hide_played.lua\")))()' on target 'main.lua' for pattern patch from Cartomancer\lovely\saturn-compat.toml resulted in no matches
WARN - [♥] Pattern 'modded and {' on target 'main.lua' for pattern patch from Cartomancer\lovely\stackable-deck-steamodded-0.9.8.toml resulted in no matches
INFO - [♥] Applied 21 patches to 'main.lua'
INFO - [♥] Applied 3 patches to 'engine/string_packer.lua'
INFO - [♥] Applied 20 patches to 'engine/controller.lua'
INFO - [♥] Applied 21 patches to 'back.lua'
INFO - [♥] Applied 19 patches to 'tag.lua'
INFO - [♥] Applied 1 patch to 'engine/event.lua'
INFO - [♥] Applied 2 patches to 'engine/node.lua'
INFO - [♥] Applied 3 patches to 'engine/moveable.lua'
INFO - [♥] Applied 3 patches to 'engine/sprite.lua'
INFO - [♥] Applied 2 patches to 'engine/animatedsprite.lua'
WARN - [♥] Pattern 'assembled_string = assembled_string..(type(subpart) == \'string\' and subpart or args.vars[tonumber(subpart[1])] or \'ERROR\')' on target 'functions/misc_functions.lua' for pattern patch from Talisman\lovely.toml resulted in no matches
WARN - [♥] Pattern 'G.ARGS.score_intensity.earned_score = G.GAME.current_round.current_hand.chips*G.GAME.current_round.current_hand.mult\n' on target 'functions/misc_functions.lua' for pattern patch from Talisman\lovely.toml resulted in no matches
INFO - [♥] Applied 101 patches to 'functions/misc_functions.lua'
WARN - [♥] Pattern 'G.FUNCS.evaluate_play()' on target 'game.lua' for pattern patch from MoreFluff\lovely\onesliptoolate.toml resulted in no matches
WARN - [♥] Regex 'card\\:start_materialize\\(\\)\\n\\s+G\\.shop_vouchers\\:emplace\\(card\\)\\n\\s+end' on target 'game.lua' for regex patch from Cryptid\lovely\Voucher.toml resulted in no matches
INFO - [♥] Applied 140 patches to 'game.lua'
INFO - [♥] Applied 2 patches to 'globals.lua'
WARN - [♥] Pattern 'self.config.chosen = true' on target 'engine/ui.lua' for pattern patch from Cartomancer\lovely\vanilla-ui.toml resulted in no matches
INFO - [♥] Applied 11 patches to 'engine/ui.lua'
WARN - [♥] Pattern '{n=G.UIT.T, config={text = G.GAME.hands[handname].chips, scale = 0.45, colour = G.C.UI.TEXT_LIGHT}},' on target 'functions/UI_definitions.lua' for pattern patch from Talisman\lovely.toml resulted in no matches
WARN - [♥] Pattern '{n=G.UIT.T, config={text = G.GAME.hands[handname].mult, scale = 0.45, colour = G.C.UI.TEXT_LIGHT}}' on target 'functions/UI_definitions.lua' for pattern patch from Talisman\lovely.toml resulted in no matches
INFO - [♥] Applied 182 patches to 'functions/UI_definitions.lua'
WARN - [♥] Pattern 'if reps[j] ~= 1 then' on target 'functions/state_events.lua' for pattern patch from Cryptid\lovely\misc.toml resulted in no matches
WARN - [♥] Pattern 'limit = limit - 1 + (not card.debuff and card.edition and card.edition.card_limit or 0)' on target 'functions/state_events.lua' for pattern patch from Cryptid\lovely\misc.toml resulted in no matches
WARN - [♥] Pattern 'if effects[ii].card then' on target 'functions/state_events.lua' for pattern patch from HandyBalatro\lovely\controls_animation_skip.toml resulted in no matches
WARN - [♥] Pattern 'if hand_chips*mult > 0 then' on target 'functions/state_events.lua' for pattern patch from HandyBalatro\lovely\controls_scoring_hold.toml resulted in no matches
WARN - [♥] Pattern 'if G.GAME.round_resets.blind == G.P_BLINDS.bl_small then\n  G.GAME.round_resets.blind_states.Small = \'Defeated\' ' on target 'functions/state_events.lua' for pattern patch from MoreFluff\lovely\superboss.toml resulted in no matches
WARN - [♥] Pattern 'if G.GAME.round_resets.ante == G.GAME.win_ante and G.GAME.blind:get_type() == \'Boss\' then\n  game_won = true\n  G.GAME.won = true\nend' on target 'functions/state_events.lua' for pattern patch from MoreFluff\lovely\superboss.toml resulted in no matches
WARN - [♥] Pattern 'G.FUNCS.draw_from_hand_to_discard()\nif G.GAME.blind:get_type() == \'Boss\' then' on target 'functions/state_events.lua' for pattern patch from MoreFluff\lovely\superboss.toml resulted in no matches
WARN - [♥] Pattern 'check_and_set_high_score(\'hand\', hand_chips*mult)\n' on target 'functions/state_events.lua' for pattern patch from Cryptid\lovely\Ascended.toml resulted in no matches
WARN - [♥] Pattern 'func = (function()  update_hand_text({delay = 0, immediate = true}, {mult = 0, chips = 0, chip_total = G.GAME.blind.cry_cap_score and G.GAME.blind:cry_cap_score(math.floor(hand_chips*mult)) or math.floor(hand_chips*mult), level = \'\', handname = \'\'});play_sound(\'button\', 0.9, 0.6);return true end)\n' on target 'functions/state_events.lua' for pattern patch from Cryptid\lovely\none.toml resulted in no matches
WARN - [♥] Pattern 'if hand_chips*mult > 0 then' on target 'functions/state_events.lua' for pattern patch from Talisman\lovely.toml resulted in no matches
WARN - [♥] Pattern 'if effects[ii].card then' on target 'functions/state_events.lua' for pattern patch from Talisman\lovely.toml resulted in no matches
WARN - [♥] Pattern 'if effects.jokers.Xmult_mod then mult = mod_mult(mult*effects.jokers.Xmult_mod);extras.mult = true  end' on target 'functions/state_events.lua' for pattern patch from Talisman\lovely.toml resulted in no matches
WARN - [♥] Pattern 'if effect.Xmult_mod then mult = mod_mult(mult*effect.Xmult_mod);extras.mult = true  end' on target 'functions/state_events.lua' for pattern patch from Talisman\lovely.toml resulted in no matches
WARN - [♥] Pattern 'if effects[ii].message then' on target 'functions/state_events.lua' for pattern patch from Talisman\lovely.toml resulted in no matches
WARN - [♥] Pattern '--calculate the card edition effects' on target 'functions/state_events.lua' for pattern patch from Talisman\lovely.toml resulted in no matches
WARN - [♥] Pattern 'if effects[ii].edition.p_dollars_mod then' on target 'functions/state_events.lua' for pattern patch from Talisman\lovely.toml resulted in no matches
WARN - [♥] Pattern 'if edition_effects.jokers.x_mult_mod then' on target 'functions/state_events.lua' for pattern patch from Talisman\lovely.toml resulted in no matches
WARN - [♥] Pattern '\tfunc = (function() G.GAME.current_round.current_hand.handname = \'\';return true end)\n}))\ndelay(0.3)\n' on target 'functions/state_events.lua' for pattern patch from Talisman\lovely.toml resulted in no matches
WARN - [♥] Pattern 'if SMODS.has_enhancement(scoring_hand[i], \'m_glass\') and scoring_hand[i]:can_calculate() and pseudorandom(\'glass\') < G.GAME.probabilities.normal/(scoring_hand[i].ability.name == \'Glass Card\' and scoring_hand[i].ability.extra or G.P_CENTERS.m_glass.config.extra) then' on target 'functions/state_events.lua' for pattern patch from Cryptid\lovely\Probability.toml resulted in no matches
WARN - [♥] Regex '(?<indent>[\\t ]*)if destroyed then \\n' on target 'functions/state_events.lua' for regex patch from Cryptid\lovely\seal.toml resulted in no matches
WARN - [♥] Pattern 'if to_big(hand_chips)*mult > to_big(0) then' on target 'functions/state_events.lua' for pattern patch from Jen\lovely.toml resulted in no matches
INFO - [♥] Applied 107 patches to 'functions/state_events.lua'
WARN - [♥] Pattern 'func = (function() if eval_func(card) then if not first or first then card:juice_up(0.1, 0.1) end;juice_card_until(card, eval_func, nil, 0.8) end return true end)' on target 'functions/common_events.lua' for pattern patch from HandyBalatro\lovely\controls_animation_skip.toml resulted in no matches
WARN - [♥] Pattern 'func = (function() if eval_func(card) then if not first or first then card:juice_up(0.1, 0.1) end;juice_card_until(card, eval_func, nil, 0.8) end return true end)' on target 'functions/common_events.lua' for pattern patch from HandyBalatro\lovely\controls_animation_skip.toml resulted in no matches
WARN - [♥] Pattern '   end\n\n    if main_end then \n        desc_nodes[#desc_nodes+1] = main_end \n    end' on target 'functions/common_events.lua' for pattern patch from MoreFluff\lovely\complexitycreep.toml resulted in no matches
WARN - [♥] Pattern 'G.GAME.hands[hand].level = math.max(0, G.GAME.hands[hand].level + amount)\nG.GAME.hands[hand].mult = math.max(G.GAME.hands[hand].mult + G.GAME.hands[hand].l_mult*amount, 1)\nG.GAME.hands[hand].chips = math.max(G.GAME.hands[hand].chips + G.GAME.hands[hand].l_chips*amount, 1)\n' on target 'functions/common_events.lua' for pattern patch from Cryptid\lovely\none.toml resulted in no matches
WARN - [♥] Pattern 'local delta = (type(vals.chips) == \'number\' and type(G.GAME.current_round.current_hand.chips) == \'number\') and (vals.chips - G.GAME.current_round.current_hand.chips) or 0' on target 'functions/common_events.lua' for pattern patch from Talisman\lovely.toml resulted in no matches
WARN - [♥] Pattern 'local delta = (type(vals.mult) == \'number\' and type(G.GAME.current_round.current_hand.mult) == \'number\')and (vals.mult - G.GAME.current_round.current_hand.mult) or 0' on target 'functions/common_events.lua' for pattern patch from Talisman\lovely.toml resulted in no matches
WARN - [♥] Pattern 'if num_dollars > 60 then' on target 'functions/common_events.lua' for pattern patch from Talisman\lovely.toml resulted in no matches
WARN - [♥] Pattern 'func = (function() card:juice_up(0.7);return true end)' on target 'functions/common_events.lua' for pattern patch from Talisman\lovely.toml resulted in no matches
WARN - [♥] Pattern 'if card then card:juice_up(0.8, 0.5) end' on target 'functions/common_events.lua' for pattern patch from Talisman\lovely.toml resulted in no matches
WARN - [♥] Pattern 'card:juice_up(0.6, 0.1)' on target 'functions/common_events.lua' for pattern patch from Talisman\lovely.toml resulted in no matches
WARN - [♥] Pattern 'func = (function() if eval_func(card) then if not first or first then card:juice_up(0.1, 0.1) end;juice_card_until(card, eval_func, nil, 0.8) end return true end)' on target 'functions/common_events.lua' for pattern patch from Talisman\lovely.toml resulted in no matches
WARN - [♥] Pattern 'func = (function() if eval_func(card) then if not first or first then card:juice_up(0.1, 0.1) end;juice_card_until(card, eval_func, nil, 0.8) end return true end)' on target 'functions/common_events.lua' for pattern patch from Talisman\lovely.toml resulted in no matches
WARN - [♥] Pattern 'text = (amt <-0.01 and \'-\' or \'\')..localize(\"$\")..tostring(math.abs(amt))\ncolour = amt <-0.01 and G.C.RED or G.C.MONEY\n' on target 'functions/common_events.lua' for pattern patch from Talisman\lovely.toml resulted in no matches
WARN - [♥] Pattern 'if amt > 0 or amt < 0 then' on target 'functions/common_events.lua' for pattern patch from Talisman\lovely.toml resulted in no matches
WARN - [♥] Pattern 'if type(vals.chips) == \'string\' then delta = vals.chips end' on target 'functions/common_events.lua' for pattern patch from Jen\lovely.toml resulted in no matches
WARN - [♥] Pattern 'if type(vals.mult) == \'string\' then delta = vals.mult end' on target 'functions/common_events.lua' for pattern patch from Jen\lovely.toml resulted in no matches
WARN - [♥] Pattern '            if vals.StatusText then \n                attention_text({\n                    text =delta,\n                    scale = 0.8, \n                    hold = 1,\n                    cover = G.hand_text_area.chips.parent,\n                    cover_colour = mix_colours(G.C.CHIPS, col, 0.1),\n                    emboss = 0.05,\n                    align = \'cm\',\n                    cover_align = \'cr\'\n                })\n            end' on target 'functions/common_events.lua' for pattern patch from Jen\lovely.toml resulted in no matches
WARN - [♥] Pattern '            if vals.StatusText then \n                attention_text({\n                    text =delta,\n                    scale = 0.8, \n                    hold = 1,\n                    cover = G.hand_text_area.mult.parent,\n                    cover_colour = mix_colours(G.C.MULT, col, 0.1),\n                    emboss = 0.05,\n                    align = \'cm\',\n                    cover_align = \'cl\'\n                })\n            end' on target 'functions/common_events.lua' for pattern patch from Jen\lovely.toml resulted in no matches
INFO - [♥] Applied 214 patches to 'functions/common_events.lua'
WARN - [♥] Pattern 'if ((G.GAME.dollars-G.GAME.bankrupt_at) - 10 >= 0) and' on target 'functions/button_callbacks.lua' for pattern patch from Talisman\lovely.toml resulted in no matches
WARN - [♥] Pattern 'if #G.hand.highlighted <= 0 or G.GAME.blind.block_play or #G.hand.highlighted > 5 then' on target 'functions/button_callbacks.lua' for pattern patch from CardSleeves\lovely\expected_to_fail.toml resulted in no matches
WARN - [♥] Pattern 'e.config.object = Sprite(0, 0, 2.5, 2.5, G.ASSET_ATLAS[\"ui_1\"], {x = 2, y = 0})' on target 'functions/button_callbacks.lua' for pattern patch from Jen\lovely.toml resulted in no matches
INFO - [♥] Applied 97 patches to 'functions/button_callbacks.lua'
WARN - [♥] Regex 'localize\\(\'k_upgrade_ex\'\\)\\}\\); return true\n[ \\t]*end\\}\\)\\)\n[ \\t]*end\n(?<indent>[ \\t]*)return' on target 'card.lua' for regex patch from Steamodded\lovely\joker_retriggers.toml resulted in no matches
WARN - [♥] Regex '[ \\t]*G\\.C\\.MULT\\}\\)\n[ \\t]*return true\n[ \\t]*end\\)\\}\\)\\)\n(?<indent>[ \\t]*)end' on target 'card.lua' for regex patch from Steamodded\lovely\joker_retriggers.toml resulted in no matches
WARN - [♥] Regex '[ \\t]*func = function\\(\\) card_eval_status_text\\(self, \'extra\', nil, nil, nil, \\{message = localize\\{type = \'variable\', key = \'a_xmult\', vars = \\{self\\.ability\\.caino_xmult\\}\\}\\}\\); return true\n(?<indent>[ \\t]*)end\\}\\)\\)' on target 'card.lua' for regex patch from Steamodded\lovely\joker_retriggers.toml resulted in no matches
WARN - [♥] Regex 'glass_cards\\}\\}\\}\\)\n[ \\t]*return true\n[ \\t]*end\n(?<indent>[ \\t]*)\\}\\)\\)' on target 'card.lua' for regex patch from Steamodded\lovely\joker_retriggers.toml resulted in no matches
WARN - [♥] Pattern 'if self.edition.type == \'negative\' and self.ability.consumeable then\n    badges[#badges + 1] = \'negative_consumable\'\nelseif self.edition.type == \'negative\' and (self.ability.set == \'Enhanced\' or self.ability.set == \'Default\') then\n    badges[#badges + 1] = \'negative_playing_card\'\n' on target 'card.lua' for pattern patch from Cryptid\lovely\ccd.toml resulted in no matches
WARN - [♥] Pattern 'if self.joker_added_to_deck_but_debuffed then' on target 'card.lua' for pattern patch from Cryptid\lovely\sticker.toml resulted in no matches
WARN - [♥] Pattern 'if self.ability.rental then self.cost = 1 end' on target 'card.lua' for pattern patch from MoreFluff\lovely\superboss.toml resulted in no matches
WARN - [♥] Pattern 'Xmult_mod = G.P_CENTERS.v_observatory.config.extra' on target 'card.lua' for pattern patch from Incantation\lovely.toml resulted in no matches
WARN - [♥] Pattern 'G.E_MANAGER:add_event(Event({func = (function() G.GAME.dollar_buffer = 0; return true end)}))' on target 'card.lua' for pattern patch from Talisman\lovely.toml resulted in no matches
WARN - [♥] Pattern 'if G.GAME.blind then G.E_MANAGER:add_event(Event({ func = function() G.GAME.blind:set_blind(nil, true, nil); return true end })) end' on target 'card.lua' for pattern patch from Talisman\lovely.toml resulted in no matches
WARN - [♥] Pattern 'x_mult = center.config.Xmult or 1,' on target 'card.lua' for pattern patch from Talisman\lovely.toml resulted in no matches
WARN - [♥] Pattern 'local currentBack = self.params.viewed_back and G.GAME.viewed_back or G.GAME.selected_back' on target 'card.lua' for pattern patch from Galdur\lovely.toml resulted in no matches
WARN - [♥] Regex 'self.params.viewed_back and G.GAME.viewed_back or G.GAME.selected_back' on target 'card.lua' for regex patch from CardSleeves\lovely\expected_to_fail.toml resulted in no matches
INFO - [♥] Applied 326 patches to 'card.lua'
WARN - [♥] Pattern 'if not card.debuff and card.edition and card.edition.card_limit and (self == G.hand) then' on target 'cardarea.lua' for pattern patch from Cryptid\lovely\misc.toml resulted in no matches
INFO - [♥] Applied 42 patches to 'cardarea.lua'
INFO - [♥] Applied 52 patches to 'blind.lua'
WARN - [♥] Pattern 'self.children.card = Card(self.T.x, self.T.y, G.CARD_W, G.CARD_H, G.P_CARDS.empty, args.center or G.P_CENTERS.j_joker, {bypass_discovery_center = true})' on target 'card_character.lua' for pattern patch from Cryptid\lovely\lib_gameset.toml resulted in no matches
WARN - [♥] Pattern 'colours = {G.C.RED, G.C.BLUE, G.C.ORANGE},' on target 'card_character.lua' for pattern patch from Cryptid\lovely\lib_gameset.toml resulted in no matches
INFO - [♥] Applied 10 patches to 'card_character.lua'
INFO - [♥] Applied 20 patches to 'engine/text.lua'
WARN - [♥] Pattern 'if eff.retrigger_flag then SMODS.calculate_effect(eff, eff.card); j = j+1; _, eff = next(reps[j]) end' on target '=[SMODS _ "src/utils.lua"]' for pattern patch from Cryptid\lovely\misc.toml resulted in no matches
WARN - [♥] Pattern 'if (key == \'chips\' or key == \'h_chips\' or key == \'chip_mod\') and amount then\n' on target '=[SMODS _ "src/utils.lua"]' for pattern patch from Cryptid\lovely\misc.toml resulted in no matches
WARN - [♥] Pattern 'if (key == \'mult\' or key == \'h_mult\' or key == \'mult_mod\') and amount then\n' on target '=[SMODS _ "src/utils.lua"]' for pattern patch from Cryptid\lovely\misc.toml resulted in no matches
WARN - [♥] Pattern 'if (key == \'x_chips\' or key == \'xchips\' or key == \'Xchip_mod\') and amount ~= 1 then\n' on target '=[SMODS _ "src/utils.lua"]' for pattern patch from Cryptid\lovely\misc.toml resulted in no matches
WARN - [♥] Pattern 'if (key == \'x_mult\' or key == \'xmult\' or key == \'Xmult\' or key == \'x_mult_mod\' or key == \'Xmult_mod\') and amount ~= 1 then\n' on target '=[SMODS _ "src/utils.lua"]' for pattern patch from Cryptid\lovely\misc.toml resulted in no matches
WARN - [♥] Regex '= amount > 0' on target '=[SMODS _ "src/utils.lua"]' for regex patch from Talisman\lovely.toml resulted in no matches
INFO - [♥] Applied 9 patches to '=[SMODS _ "src/utils.lua"]'
WARN - [♥] Pattern 'if self.ability.consumeable then' on target '=[SMODS _ "src/overrides.lua"]' for pattern patch from Cryptid\lovely\ccd.toml resulted in no matches
WARN - [♥] Pattern 'card_limit = #SUITS[suit_map[j]],' on target '=[SMODS _ "src/overrides.lua"]' for pattern patch from Cartomancer\lovely\stackable-deck-steamodded.toml resulted in no matches
WARN - [♥] Pattern 'card_limit = #SUITS[visible_suit[j]],' on target '=[SMODS _ "src/overrides.lua"]' for pattern patch from Cartomancer\lovely\stackable-deck-steamodded.toml resulted in no matches
WARN - [♥] Regex '\t\t\tfor i = 1\\, \\#SUITS\\[suit_map\\[j\\]\\] do\n\t\t\t\tif SUITS\\[suit_map\\[j\\]\\]\\[i\\] then\n\t\t\t\t\tlocal greyed\\, _scale = nil\\, 0\\.7\n\t\t\t\t\tif unplayed_only and not \\(\\(SUITS\\[suit_map\\[j\\]\\]\\[i\\]\\.area and SUITS\\[suit_map\\[j\\]\\]\\[i\\]\\.area == G\\.deck\\) or SUITS\\[suit_map\\[j\\]\\]\\[i\\]\\.ability\\.wheel_flipped\\) then\n\t\t\t\t\t\tgreyed = true\n\t\t\t\t\tend\n\t\t\t\t\tlocal copy = copy_card\\(SUITS\\[suit_map\\[j\\]\\]\\[i\\]\\, nil\\, _scale[^\\)\\n]*\\)\n\t\t\t\t\tcopy\\.greyed = greyed\n\t\t\t\t\tcopy\\.T\\.x = view_deck\\.T\\.x \\+ view_deck\\.T\\.w \\/ 2\n\t\t\t\t\tcopy\\.T\\.y = view_deck\\.T\\.y\n\n\t\t\t\t\tcopy:hard_set_T\\(\\)\n\t\t\t\t\tview_deck:emplace\\(copy\\)\n\t\t\t\tend\n\t\t\tend' on target '=[SMODS _ "src/overrides.lua"]' for regex patch from Cartomancer\lovely\stackable-deck-steamodded.toml resulted in no matches
INFO - [♥] Applied 12 patches to '=[SMODS _ "src/overrides.lua"]'
INFO - [♥] Applied 4 patches to '=[SMODS _ "src/game_object.lua"]'
INFO - [G] Failed to connect to the debug server 
INFO - [G] 2025-11-29 13:33:15 :: DEBUG :: DebugConsole :: Steamodded Debug Socket started ! 
INFO - [G] 2025-11-29 13:33:15 :: INFO  :: SMODS :: Steamodded v1.0.0~BETA-1016c 
INFO - [G] Order not set for config dictionary: speed_multiplier_settings_toggle 
INFO - [G] Order not set for config dictionary: speed_multiplier_default_value 
INFO - [G] Order not set for config dictionary: animation_skip_settings_toggle 
INFO - [G] Order not set for config dictionary: animation_skip_default_value 
INFO - [G] [Blueprint] Starting to load config 
INFO - [G] [Blueprint] Reading config file:  
INFO - [G] [Blueprint] return {
	["INTERNAL_debug"] = false,
	["hello"] = true,
	["brainstorm"] = true,
	["blueprint"] = true,
} 
INFO - [G] [Blueprint] Removing setting `hello` because it is not in default config 
INFO - [♥] Applied 9 patches to 'engine/sound_manager.lua'
INFO - [G] Loaded all Blueprint mod shaders successfully 
INFO - [♥] Applied 3 patches to 'engine/save_manager.lua'
INFO - [♥] Applied 3 patches to 'engine/string_packer.lua'
INFO - [G] {
  [1] = table: 0x31760420   {
     [1] = 0.99607843137255,
     [2] = 0.37254901960784,
     [3] = 0.33333333333333,
     [4] = 1,
   },
  [2] = table: 0x3174c440   {
     [1] = 0,
     [2] = 0.6156862745098,
     [3] = 1,
     [4] = 1,
   },
} 
WARN - [♥] Pattern 'if (self.edition and self.edition.negative) or (self.ability.name == \'Antimatter\' and (self.config.center.discovered or self.bypass_discovery_center)) then' on target '=[SMODS _ "src/card_draw.lua"]' for pattern patch from Cryptid\lovely\lib_ui.toml resulted in no matches
INFO - [♥] Applied 3 patches to '=[SMODS _ "src/card_draw.lua"]'
INFO - [G] 2025-11-29 13:33:16 :: TRACE :: Loader :: Processing Mod file (Legacy header): Aurinko.lua 
INFO - [G] 2025-11-29 13:33:16 :: TRACE :: Loader :: Saving Mod Info: aurinko 
INFO - [G] 2025-11-29 13:33:16 :: INFO  :: Loader :: Valid JSON file found 
INFO - [G] 2025-11-29 13:33:16 :: INFO  :: Loader :: Valid JSON file found 
INFO - [G] 2025-11-29 13:33:16 :: TRACE :: Loader :: Processing Mod file (Legacy header): mod.lua 
INFO - [G] 2025-11-29 13:33:16 :: TRACE :: Loader :: Saving Mod Info: cartomancer 
INFO - [G] 2025-11-29 13:33:16 :: INFO  :: Loader :: Valid JSON file found 
INFO - [G] 2025-11-29 13:33:16 :: INFO  :: Loader :: Valid JSON file found 
INFO - [G] 2025-11-29 13:33:16 :: INFO  :: Loader :: Valid JSON file found 
INFO - [G] 2025-11-29 13:33:16 :: INFO  :: Loader :: Valid JSON file found 
INFO - [G] 2025-11-29 13:33:16 :: TRACE :: Loader :: Processing Mod file (Legacy header): steamodded.lua 
INFO - [G] 2025-11-29 13:33:16 :: WARN  :: Loader :: Duplicate Mod ID: Handy 
INFO - [G] 2025-11-29 13:33:16 :: INFO  :: Loader :: Valid JSON file found 
INFO - [G] 2025-11-29 13:33:16 :: INFO  :: Loader :: Valid JSON file found 
INFO - [G] 2025-11-29 13:33:16 :: TRACE :: Loader :: Processing Mod file (Legacy header): JenLib.lua 
INFO - [G] 2025-11-29 13:33:16 :: TRACE :: Loader :: Saving Mod Info: JenLib 
INFO - [G] 2025-11-29 13:33:16 :: TRACE :: Loader :: Processing Mod file (Legacy header): LocalPoolFix.lua 
INFO - [G] 2025-11-29 13:33:16 :: TRACE :: Loader :: Saving Mod Info: jen_localpoolfix 
INFO - [G] 2025-11-29 13:33:16 :: INFO  :: Loader :: Valid JSON file found 
INFO - [G] 2025-11-29 13:33:16 :: TRACE :: Loader :: Processing Mod file (Legacy header): Nopeus.lua 
INFO - [G] 2025-11-29 13:33:16 :: TRACE :: Loader :: Saving Mod Info: nopeus 
INFO - [G] 2025-11-29 13:33:16 :: INFO  :: Loader :: Valid JSON file found 
INFO - [G] 2025-11-29 13:33:16 :: TRACE :: Loader :: Processing Mod file (Legacy header): steamodded_metadata.lua 
INFO - [G] 2025-11-29 13:33:16 :: TRACE :: Loader :: Saving Mod Info: Talisman 
INFO - [G] 2025-11-29 13:33:16 :: INFO  :: Loader :: Valid JSON file found 
INFO - [G] 2025-11-29 13:33:16 :: INFO  :: CardSleeves :: CardSleeves v1.8.1 loaded~! 
INFO - [G] 2025-11-29 13:33:16 :: INFO  :: Lua Patcher :: Running Lua Patcher by Piengineer12, version 4.2.2 (2025-11-12) 
INFO - [G] 2025-11-29 13:33:16 :: INFO  :: Lua Patcher :: Patching primitives... 
INFO - [G] 2025-11-29 13:33:16 :: INFO  :: Lua Patcher :: Primitives patched! 
INFO - [G] 2025-11-29 13:33:16 :: INFO  :: Lua Patcher :: Patching libraries... 
INFO - [G] 2025-11-29 13:33:16 :: INFO  :: Lua Patcher :: Libraries patched! 
INFO - [G] 2025-11-29 13:33:16 :: INFO  :: Lua Patcher :: Lua has been patched! Remember that if you are a Lua developer, please disable this script or your users may get errors from your code! Also, if you still see errors, remember to report the FULL error message to the creator of Lua Patcher! 
INFO - [G] basepaul_card 
INFO - [G] blahaj 
INFO - [G] clownfish 
INFO - [G] expansion_pack 
INFO - [G] hollow 
INFO - [G] jackofalltrades 
INFO - [G] jester 
INFO - [G] lollipop 
INFO - [G] luckycharm 
INFO - [G] mspaint 
INFO - [G] philosophical 
INFO - [G] simplified 
INFO - [G] spiral 
INFO - [G] treasuremap 
INFO - [G] unregisteredhypercam 
INFO - [G] dropkick 
INFO - [G] bladedance 
INFO - [G] hyperbeam 
INFO - [G] blasphemy 
INFO - [G] dramaticentrance 
INFO - [G] badlegaldefence 
INFO - [G] blunder 
INFO - [G] brilliant 
INFO - [G] broomcloset 
INFO - [G] rot_cartomancer 
INFO - [G] clipart 
INFO - [G] coupon_catalogue 
INFO - [G] css 
INFO - [G] cueball 
INFO - [G] dinner 
INFO - [G] forge 
INFO - [G] flintandsteel 
INFO - [G] gemstonejoker 
INFO - [G] globe 
INFO - [G] goldencarrot 
INFO - [G] hallofmirrors 
INFO - [G] impostor 
INFO - [G] farmmerge 
INFO - [G] friendinsideme 
INFO - [G] junkmail 
INFO - [G] onesliptoolate 
INFO - [G] tonersoup 
INFO - [G] unpleasantcard 
INFO - [G] lightningstrikesthrice 
INFO - [G] loadeddisk 
INFO - [G] missingjoker 
INFO - [G] paintcan 
INFO - [G] passando 
INFO - [G] rosetinted 
INFO - [G] sapling 
INFO - [G] snake 
INFO - [G] slotmachine 
INFO - [G] stylemeter 
INFO - [G] stonejokerjoker 
INFO - [G] sudoku 
INFO - [G] talljoker 
INFO - [G] teacup 
INFO - [G] tealjoker 
INFO - [G] thewayhome 
INFO - [G] recycling 
INFO - [G] virtual 
INFO - [G] yuckyrat 
INFO - [G] allicantdo 
INFO - [G] bloodpact 
INFO - [G] bookmove 
INFO - [G] brass 
INFO - [G] bowlingball 
INFO - [G] cba 
INFO - [G] complexitycreep 
INFO - [G] doubledscale 
INFO - [G] fleshprison 
INFO - [G] grep 
INFO - [G] hugejoker 
INFO - [G] hyperjimbo 
INFO - [G] jankman 
INFO - [G] mashupalbum 
INFO - [G] pixeljoker 
INFO - [G] rainbowjoker 
INFO - [G] the_solo 
INFO - [G] top10 
INFO - [G] widejoker 
INFO - [G] triangle 
INFO - [G] marigold 
INFO - [G] mindsculptor 
INFO - [G] johnbalatro 
INFO - [G] trianglewalker 
INFO - [G] lessfluff 
INFO - [G] johnbalatrotrue 
INFO - [G] forgeslop 
INFO - [G] oopsallfives 
INFO - [G] [CRYPTID] Loading library file ascended.lua 
INFO - [G] [CRYPTID] Loading library file calculate.lua 
INFO - [G] [CRYPTID] Loading library file content.lua 
INFO - [G] [CRYPTID] Loading library file cross-mod.lua 
INFO - [G] Table:
colour: Table:
  1: 0.65490196078431
  2: 0.50980392156863
  3: 0.81960784313725
  4: 1

voucher_key: v_cry_tacclimator
localization_key: b_tarot_rate
ref_value: tarot
 
INFO - [G] Table:
colour: Table:
  1: 0.074509803921569
  2: 0.68627450980392
  3: 0.8078431372549
  4: 1

voucher_key: v_cry_pacclimator
localization_key: b_planet_rate
ref_value: planet
 
INFO - [G] [CRYPTID] Loading library file d20.lua 
INFO - [G] [CRYPTID] Loading library file event.lua 
INFO - [G] [CRYPTID] Loading library file forcetrigger.lua 
INFO - [G] [CRYPTID] Loading library file gameset.lua 
INFO - [♥] Applied 1 patch to '=[SMODS Cryptid "lib/gameset.lua"]'
INFO - [G] [CRYPTID] Loading library file https.lua 
INFO - [G] 2025-11-29 13:33:16 :: DEBUG :: SMODS.https :: Using https module backend 
INFO - [G] [CRYPTID] Loading library file misc.lua 
INFO - [G] [CRYPTID] Loading library file misprintize.lua 
INFO - [G] [CRYPTID] Loading library file modifiers.lua 
INFO - [G] 2025-11-29 13:33:16 :: WARN  :: Sticker :: Detected duplicate register call on object perishable 
INFO - [G] 2025-11-29 13:33:16 :: WARN  :: Sticker :: Detected duplicate register call on object pinned 
INFO - [G] 2025-11-29 13:33:16 :: WARN  :: Sticker :: Detected duplicate register call on object eternal 
INFO - [G] 2025-11-29 13:33:16 :: WARN  :: Sticker :: Detected duplicate register call on object rental 
INFO - [G] [CRYPTID] Loading library file notifications.lua 
INFO - [G] [CRYPTID] Loading library file overrides.lua 
INFO - [G] [CRYPTID] Loading library file pointerlib.lua 
INFO - [G] [CRYPTID] Loading library file ui.lua 
INFO - [G] [CRYPTID] Loading file achievement.lua 
INFO - [G] [CRYPTID] Loading file blind.lua 
INFO - [G] [CRYPTID] Loading file challenge.lua 
INFO - [G] [CRYPTID] Loading file code.lua 
INFO - [♥] Applied 2 patches to '=[SMODS Cryptid "items/code.lua"]'
INFO - [G] [CRYPTID] Loading file deck.lua 
INFO - [G] [CRYPTID] Loading file enhanced.lua 
INFO - [G] [CRYPTID] Loading file epic.lua 
INFO - [G] [CRYPTID] Loading file exotic.lua 
INFO - [G] [CRYPTID] Loading file joker_display.lua 
INFO - [G] [CRYPTID] Loading file m.lua 
INFO - [G] [CRYPTID] Loading file misc.lua 
INFO - [G] [CRYPTID] Loading file misc_joker.lua 
INFO - [G] [CRYPTID] Loading file planet.lua 
INFO - [G] [CRYPTID] Loading file pointer.lua 
INFO - [G] [CRYPTID] Loading file sleeve.lua 
INFO - [G] [CRYPTID] Loading file spectral.lua 
INFO - [G] [CRYPTID] Loading file spooky.lua 
INFO - [G] [CRYPTID] Loading file stake.lua 
INFO - [G] [CRYPTID] Loading file tag.lua 
INFO - [G] [CRYPTID] Loading file test.lua 
INFO - [G] [CRYPTID] Loading file voucher.lua 
INFO - [G] [CRYPTID] Loading file colours.lua from MoreFluff 
INFO - [G] [CRYPTID] Loading file farmmergecivilisation.lua from MoreFluff 
INFO - [G] [CRYPTID] Loading Cryptid.lua from sdm0sstuff 
INFO - [G] 2025-11-29 13:33:16 :: WARN  :: Atlas :: Object cry_effarcire has the same key as an existing object, not registering. 
INFO - [G] 2025-11-29 13:33:16 :: WARN  :: Atlas :: If you want to modify an existing object, use take_ownership() 
INFO - [G] 2025-11-29 13:33:16 :: WARN  :: Atlas :: Object sdm_vouchers has the same key as an existing object, not registering. 
INFO - [G] 2025-11-29 13:33:16 :: WARN  :: Atlas :: If you want to modify an existing object, use take_ownership() 
INFO - [G] 2025-11-29 13:33:16 :: WARN  :: Atlas :: Object sdm_bakery_consumables has the same key as an existing object, not registering. 
INFO - [G] 2025-11-29 13:33:16 :: WARN  :: Atlas :: If you want to modify an existing object, use take_ownership() 
INFO - [G] 2025-11-29 13:33:16 :: WARN  :: Atlas :: Object sdm_bakery_vouchers has the same key as an existing object, not registering. 
INFO - [G] 2025-11-29 13:33:16 :: WARN  :: Atlas :: If you want to modify an existing object, use take_ownership() 
INFO - [G] [JEN DEBUG] 🛡️ Initializing crash monitoring system... 
INFO - [G] [JEN DEBUG] 🛡️ Game's built-in crash handler is available 
INFO - [G] [JEN DEBUG] 🛡️ Steamodded crash handler is available 
INFO - [G] [JEN DEBUG] 🛡️ Error handling is ENABLED 
INFO - [G] [JEN DEBUG] 🔍 Starting real-time crash handler monitoring... 
INFO - [G] [JEN DEBUG] ✅ Crash monitoring system initialized 
INFO - [G] [JEN DEBUG] Setting up Cryptid POINTER:// blacklist for Jen items 
INFO - [G] [JEN DEBUG] Blacklisted Jen custom rarities 
INFO - [G] [JEN DEBUG] Blacklisted jen_omegaconsumable set 
INFO - [G] [JEN DEBUG] Setting up Cryptid POINTER:// aliases for Jen cards 
INFO - [G] PLEASE LET THIS WORK. 
INFO - [G] 2025-11-29 13:33:16 :: INFO  :: TIMER :: [0000] Injected Fonts in 0.001 ms 
INFO - [G] 2025-11-29 13:33:16 :: INFO  :: TIMER :: [0000] Injected DynaTextEffects in 0.001 ms 
INFO - [G] 2025-11-29 13:33:16 :: INFO  :: TIMER :: [0000] Injected Language in 0.001 ms 
INFO - [G] [JEN DEBUG] Cryptid Encoded deck not found, skipping setup 
INFO - [G] 2025-11-29 13:33:16 :: INFO  :: TIMER :: [0000] Injected [INTERNAL] in 1.067 ms 
INFO - [G] 2025-11-29 13:33:18 :: INFO  :: TIMER :: [0212] Injected Atlas in 1784.966 ms 
INFO - [G] 2025-11-29 13:33:18 :: INFO  :: TIMER :: [0127] Injected Sound in 481.885 ms 
INFO - [G] 2025-11-29 13:33:18 :: INFO  :: TIMER :: [0041] Injected Stake in 2.205 ms 
INFO - [G] 2025-11-29 13:33:18 :: INFO  :: TIMER :: [0018] Injected Rarity in 0.203 ms 
INFO - [G] 2025-11-29 13:33:18 :: INFO  :: TIMER :: [0020] Injected ObjectType in 0.751 ms 
INFO - [G] 2025-11-29 13:33:18 :: INFO  :: TIMER :: [1206] Injected Center in 13.997 ms 
INFO - [G] 2025-11-29 13:33:18 :: INFO  :: TIMER :: [0012] Injected Undiscovered Sprite in 0.015 ms 
INFO - [G] 2025-11-29 13:33:18 :: INFO  :: TIMER :: [0069] Injected Blind in 0.079 ms 
INFO - [G] 2025-11-29 13:33:18 :: INFO  :: TIMER :: [0006] Injected Seal in 0.076 ms 
INFO - [G] 2025-11-29 13:33:18 :: INFO  :: TIMER :: [0004] Injected Suit in 0.052 ms 
INFO - [G] 2025-11-29 13:33:18 :: INFO  :: TIMER :: [0013] Injected Rank in 0.062 ms 
INFO - [G] 2025-11-29 13:33:18 :: INFO  :: TIMER :: [0028] Injected DeckSkin in 0.097 ms 
INFO - [G] 2025-11-29 13:33:18 :: INFO  :: TIMER :: [0017] Injected JimboQuip in 0.021 ms 
INFO - [G] 2025-11-29 13:33:18 :: INFO  :: TIMER :: [0020] Injected PokerHand in 0.119 ms 
INFO - [G] 2025-11-29 13:33:18 :: INFO  :: TIMER :: [0037] Injected Challenge in 0.041 ms 
INFO - [G] 2025-11-29 13:33:18 :: INFO  :: TIMER :: [0036] Injected Tag in 0.058 ms 
INFO - [G] 2025-11-29 13:33:18 :: INFO  :: TIMER :: [0013] Injected Sticker in 0.224 ms 
INFO - [G] 2025-11-29 13:33:20 :: INFO  :: TIMER :: [0039] Injected Shader in 1130.313 ms 
INFO - [G] 2025-11-29 13:33:20 :: INFO  :: TIMER :: [0002] Injected Keybind in 0.013 ms 
INFO - [G] 2025-11-29 13:33:20 :: INFO  :: TIMER :: [0029] Injected Achievement in 0.074 ms 
INFO - [G] 2025-11-29 13:33:20 :: INFO  :: TIMER :: [0002] Injected nil in 0.011 ms 
INFO - [G] 2025-11-29 13:33:20 :: INFO  :: TIMER :: [0002] Injected Scoring_Parameters in 0.127 ms 
INFO - [G] 2025-11-29 13:33:20 :: INFO  :: TIMER :: [0009] Injected Scoring_Calculations in 0.017 ms 
INFO - [G] 2025-11-29 13:33:20 :: INFO  :: TIMER :: [0028] Injected Draw Step in 0.044 ms 
INFO - [G] 2025-11-29 13:33:20 :: INFO  :: TIMER :: [0000] Injected [INTERNAL] in 11.032 ms 
INFO - [G] 2025-11-29 13:33:20 :: INFO  :: TIMER :: [0010] Injected Other in 0.016 ms 
INFO - [G] [JEN DEBUG] Setting up hand level color metatable for big numbers 
INFO - [G] [JEN DEBUG] Initializing Cryptid compatibility 
INFO - [G] [JEN DEBUG] Wrapped update_hand_text for safety 
INFO - [G] Deleting center : j_cry_pity_prize 
INFO - [G] Deleting center : j_cry_formidiulosus 
INFO - [G] Deleting center : j_cry_oil_lamp 
INFO - [G] Deleting center : j_cry_tropical_smoothie 
INFO - [G] Deleting center : j_cry_necromancer 
INFO - [G] Deleting center : j_cry_mask 
INFO - [G] Deleting center : j_cry_exposed 
INFO - [G] Deleting center : j_cry_equilib 
INFO - [G] Deleting center : j_cry_error 
INFO - [G] Deleting center : j_cry_copypaste 
INFO - [G] Deleting center : j_cry_flip_side 
INFO - [G] Deleting center : j_cry_crustulum 
INFO - [G] Deleting center : j_sdm_cupidon 
INFO - [G] Deleting center : j_sdm_0 
INFO - [G] Deleting center : e_cry_double_sided 
INFO - [G] Deleting center : c_cry_meld 
INFO - [G] Deleting center : c_cry_crash 
INFO - [G] Deleting center : c_cry_rework 
INFO - [G] Deleting center : c_cry_multiply 
INFO - [G] Deleting center : c_cry_ctrl_v 
INFO - [G] Deleting center : c_cry_ritual 
INFO - [G] Deleting center : c_cry_adversary 
INFO - [G] Deleting center : c_cry_chambered 
INFO - [G] Deleting center : v_cry_double_down 
INFO - [G] Deleting center : v_cry_double_slit 
INFO - [G] Deleting center : v_cry_double_vision 
INFO - [G] Deleting center : v_cry_curate 
INFO - [G] Deleting center : b_cry_e_deck 
INFO - [G] Deleting center : b_cry_et_deck 
INFO - [G] Deleting center : b_cry_sk_deck 
INFO - [G] Deleting center : b_cry_st_deck 
INFO - [G] Deleting center : b_cry_sl_deck 
INFO - [G] [DebugPlus] Press [/] to toggle console and press [shift] + [/] to toggle new log previews 
INFO - [G] [JEN DEBUG] 🔍 Starting real-time crash handler monitoring... 
INFO - [G] [JEN DEBUG] Initializing Cryptid compatibility 
INFO - [♥] Applied 0 patches to '=[SMODS _ "smods-https-thread.lua"]'
INFO - [G] 2025-11-29 13:33:25 :: DEBUG :: SMODS.https(1) :: Using https module backend 
INFO - [G] [JEN DEBUG] Initializing Cryptid compatibility 
INFO - [G] [JEN DEBUG] Initializing Cryptid compatibility 
INFO - [♥] Applied 0 patches to '=[SMODS _ "smods-https-thread.lua"]'
INFO - [G] 2025-11-29 13:34:25 :: DEBUG :: SMODS.https(2) :: Using https module backend 
INFO - [♥] Applied 0 patches to '=[SMODS _ "smods-https-thread.lua"]'
INFO - [G] 2025-11-29 13:35:25 :: DEBUG :: SMODS.https(3) :: Using https module backend 
INFO - [G] 2025-11-29 13:36:14 :: ERROR :: Lua Patcher :: Some code attempted to index "nil" with key "level".
stack traceback:
	[SMODS jen "content/consumables.lua"]:4935: in function 'loc_vars'
	[SMODS _ "src/game_object.lua"]:1159: in function 'generate_ui'
	functions/common_events.lua:3070: in function 'gcui'
	[SMODS Cryptid "items/misc.lua"]:1742: in function 'generate_UIBox_ability_table'
	card.lua:5001: in function 'card_hover_ref'
	[SMODS galdur "galdur.lua"]:164: in function 'old_Card_hover'
	[SMODS CardSleeves "CardSleeves.lua"]:2117: in function 'ch'
	[SMODS Cryptid "lib/ui.lua"]:318: in function 'hover'
	engine/controller.lua:399: in function 'update'
	game.lua:2909: in function 'gameUpdateRef'
	...
	[SMODS MoreFluff "MoreFluff.lua"]:1149: in function 'gu'
	[SMODS Cryptid "lib/gameset.lua"]:29: in function 'upd'
	[SMODS Cryptid "lib/overrides.lua"]:368: in function 'game_updateref'
	[SMODS jen "core/hooks.lua"]:943: in function 'update'
	main.lua:1032: in function 'love_update_ref'
	[lovely handy/controller "modules/controller.lua"]:1079: in function 'oldupd'
	main.lua:2244: in function 'update'
	main.lua:950: in function <main.lua:921>
	[C]: in function 'xpcall'
	[love "boot.lua"]:377: in function <[love "boot.lua"]:344> 
INFO - [G] 2025-11-29 13:36:14 :: ERROR :: Lua Patcher :: Some code attempted to index "nil" with key "l_chips".
stack traceback:
	[SMODS jen "content/consumables.lua"]:4936: in function 'loc_vars'
	[SMODS _ "src/game_object.lua"]:1159: in function 'generate_ui'
	functions/common_events.lua:3070: in function 'gcui'
	[SMODS Cryptid "items/misc.lua"]:1742: in function 'generate_UIBox_ability_table'
	card.lua:5001: in function 'card_hover_ref'
	[SMODS galdur "galdur.lua"]:164: in function 'old_Card_hover'
	[SMODS CardSleeves "CardSleeves.lua"]:2117: in function 'ch'
	[SMODS Cryptid "lib/ui.lua"]:318: in function 'hover'
	engine/controller.lua:399: in function 'update'
	game.lua:2909: in function 'gameUpdateRef'
	...
	[SMODS MoreFluff "MoreFluff.lua"]:1149: in function 'gu'
	[SMODS Cryptid "lib/gameset.lua"]:29: in function 'upd'
	[SMODS Cryptid "lib/overrides.lua"]:368: in function 'game_updateref'
	[SMODS jen "core/hooks.lua"]:943: in function 'update'
	main.lua:1032: in function 'love_update_ref'
	[lovely handy/controller "modules/controller.lua"]:1079: in function 'oldupd'
	main.lua:2244: in function 'update'
	main.lua:950: in function <main.lua:921>
	[C]: in function 'xpcall'
	[love "boot.lua"]:377: in function <[love "boot.lua"]:344> 
INFO - [G] 2025-11-29 13:36:14 :: ERROR :: Lua Patcher :: Some code attempted to index "nil" with key "l_mult".
stack traceback:
	[SMODS jen "content/consumables.lua"]:4937: in function 'loc_vars'
	[SMODS _ "src/game_object.lua"]:1159: in function 'generate_ui'
	functions/common_events.lua:3070: in function 'gcui'
	[SMODS Cryptid "items/misc.lua"]:1742: in function 'generate_UIBox_ability_table'
	card.lua:5001: in function 'card_hover_ref'
	[SMODS galdur "galdur.lua"]:164: in function 'old_Card_hover'
	[SMODS CardSleeves "CardSleeves.lua"]:2117: in function 'ch'
	[SMODS Cryptid "lib/ui.lua"]:318: in function 'hover'
	engine/controller.lua:399: in function 'update'
	game.lua:2909: in function 'gameUpdateRef'
	...
	[SMODS MoreFluff "MoreFluff.lua"]:1149: in function 'gu'
	[SMODS Cryptid "lib/gameset.lua"]:29: in function 'upd'
	[SMODS Cryptid "lib/overrides.lua"]:368: in function 'game_updateref'
	[SMODS jen "core/hooks.lua"]:943: in function 'update'
	main.lua:1032: in function 'love_update_ref'
	[lovely handy/controller "modules/controller.lua"]:1079: in function 'oldupd'
	main.lua:2244: in function 'update'
	main.lua:950: in function <main.lua:921>
	[C]: in function 'xpcall'
	[love "boot.lua"]:377: in function <[love "boot.lua"]:344> 
INFO - [G] 2025-11-29 13:36:14 :: ERROR :: Lua Patcher :: Some code attempted to index "nil" with key "level".
stack traceback:
	[SMODS jen "content/consumables.lua"]:4938: in function 'loc_vars'
	[SMODS _ "src/game_object.lua"]:1159: in function 'generate_ui'
	functions/common_events.lua:3070: in function 'gcui'
	[SMODS Cryptid "items/misc.lua"]:1742: in function 'generate_UIBox_ability_table'
	card.lua:5001: in function 'card_hover_ref'
	[SMODS galdur "galdur.lua"]:164: in function 'old_Card_hover'
	[SMODS CardSleeves "CardSleeves.lua"]:2117: in function 'ch'
	[SMODS Cryptid "lib/ui.lua"]:318: in function 'hover'
	engine/controller.lua:399: in function 'update'
	game.lua:2909: in function 'gameUpdateRef'
	...
	[SMODS MoreFluff "MoreFluff.lua"]:1149: in function 'gu'
	[SMODS Cryptid "lib/gameset.lua"]:29: in function 'upd'
	[SMODS Cryptid "lib/overrides.lua"]:368: in function 'game_updateref'
	[SMODS jen "core/hooks.lua"]:943: in function 'update'
	main.lua:1032: in function 'love_update_ref'
	[lovely handy/controller "modules/controller.lua"]:1079: in function 'oldupd'
	main.lua:2244: in function 'update'
	main.lua:950: in function <main.lua:921>
	[C]: in function 'xpcall'
	[love "boot.lua"]:377: in function <[love "boot.lua"]:344> 
INFO - [G] 2025-11-29 13:36:14 :: ERROR :: Lua Patcher :: Some code attempted to index "nil" with key "l_chips".
stack traceback:
	[SMODS jen "content/consumables.lua"]:4939: in function 'loc_vars'
	[SMODS _ "src/game_object.lua"]:1159: in function 'generate_ui'
	functions/common_events.lua:3070: in function 'gcui'
	[SMODS Cryptid "items/misc.lua"]:1742: in function 'generate_UIBox_ability_table'
	card.lua:5001: in function 'card_hover_ref'
	[SMODS galdur "galdur.lua"]:164: in function 'old_Card_hover'
	[SMODS CardSleeves "CardSleeves.lua"]:2117: in function 'ch'
	[SMODS Cryptid "lib/ui.lua"]:318: in function 'hover'
	engine/controller.lua:399: in function 'update'
	game.lua:2909: in function 'gameUpdateRef'
	...
	[SMODS MoreFluff "MoreFluff.lua"]:1149: in function 'gu'
	[SMODS Cryptid "lib/gameset.lua"]:29: in function 'upd'
	[SMODS Cryptid "lib/overrides.lua"]:368: in function 'game_updateref'
	[SMODS jen "core/hooks.lua"]:943: in function 'update'
	main.lua:1032: in function 'love_update_ref'
	[lovely handy/controller "modules/controller.lua"]:1079: in function 'oldupd'
	main.lua:2244: in function 'update'
	main.lua:950: in function <main.lua:921>
	[C]: in function 'xpcall'
	[love "boot.lua"]:377: in function <[love "boot.lua"]:344> 
INFO - [G] 2025-11-29 13:36:14 :: ERROR :: Lua Patcher :: Some code attempted to index "nil" with key "l_mult".
stack traceback:
	[SMODS jen "content/consumables.lua"]:4940: in function 'loc_vars'
	[SMODS _ "src/game_object.lua"]:1159: in function 'generate_ui'
	functions/common_events.lua:3070: in function 'gcui'
	[SMODS Cryptid "items/misc.lua"]:1742: in function 'generate_UIBox_ability_table'
	card.lua:5001: in function 'card_hover_ref'
	[SMODS galdur "galdur.lua"]:164: in function 'old_Card_hover'
	[SMODS CardSleeves "CardSleeves.lua"]:2117: in function 'ch'
	[SMODS Cryptid "lib/ui.lua"]:318: in function 'hover'
	engine/controller.lua:399: in function 'update'
	game.lua:2909: in function 'gameUpdateRef'
	...
	[SMODS MoreFluff "MoreFluff.lua"]:1149: in function 'gu'
	[SMODS Cryptid "lib/gameset.lua"]:29: in function 'upd'
	[SMODS Cryptid "lib/overrides.lua"]:368: in function 'game_updateref'
	[SMODS jen "core/hooks.lua"]:943: in function 'update'
	main.lua:1032: in function 'love_update_ref'
	[lovely handy/controller "modules/controller.lua"]:1079: in function 'oldupd'
	main.lua:2244: in function 'update'
	main.lua:950: in function <main.lua:921>
	[C]: in function 'xpcall'
	[love "boot.lua"]:377: in function <[love "boot.lua"]:344> 
INFO - [G] 2025-11-29 13:36:14 :: ERROR :: Lua Patcher :: Some code attempted to index "nil" with key "level".
stack traceback:
	[SMODS jen "content/consumables.lua"]:4942: in function 'loc_vars'
	[SMODS _ "src/game_object.lua"]:1159: in function 'generate_ui'
	functions/common_events.lua:3070: in function 'gcui'
	[SMODS Cryptid "items/misc.lua"]:1742: in function 'generate_UIBox_ability_table'
	card.lua:5001: in function 'card_hover_ref'
	[SMODS galdur "galdur.lua"]:164: in function 'old_Card_hover'
	[SMODS CardSleeves "CardSleeves.lua"]:2117: in function 'ch'
	[SMODS Cryptid "lib/ui.lua"]:318: in function 'hover'
	engine/controller.lua:399: in function 'update'
	game.lua:2909: in function 'gameUpdateRef'
	...
	[SMODS MoreFluff "MoreFluff.lua"]:1149: in function 'gu'
	[SMODS Cryptid "lib/gameset.lua"]:29: in function 'upd'
	[SMODS Cryptid "lib/overrides.lua"]:368: in function 'game_updateref'
	[SMODS jen "core/hooks.lua"]:943: in function 'update'
	main.lua:1032: in function 'love_update_ref'
	[lovely handy/controller "modules/controller.lua"]:1079: in function 'oldupd'
	main.lua:2244: in function 'update'
	main.lua:950: in function <main.lua:921>
	[C]: in function 'xpcall'
	[love "boot.lua"]:377: in function <[love "boot.lua"]:344> 
INFO - [G] line not found
INFO - [G] file not found: main.lua: No such file or directory
INFO - [G] file not found: main.lua: No such file or directory
INFO - [G] 2025-11-29 13:36:14 :: ERROR :: StackTrace :: Oops! The game crashed
[SMODS jen "content/consumables.lua"]:4942: attempt to compare nil with table
Stack Traceback
===============
(1) Lua upvalue 'orig' at file 'main.lua:612'
	Local variables:
	 msg = string: "[SMODS jen \"content/consumables.lua\"]:4942: attempt to compare nil with table"
	 (*temporary) = Lua function '?' (defined at line 31 of chunk [SMODS _ "src/logging.lua"])
	 (*temporary) = string: "Oops! The game crashed\
"
(2) Lua local 'handler' at file 'debugplus/console.lua:606' (from lovely module debugplus.console)
	Local variables:
	 msg = string: "[SMODS jen \"content/consumables.lua\"]:4942: attempt to compare nil with table"
(3) LÖVE metamethod at file 'boot.lua:352'
	Local variables:
	 errhand = Lua function '(LÖVE Function)' (defined at line 605 of chunk [lovely debugplus.console "debugplus/console.lua"])
	 handler = Lua function '(LÖVE Function)' (defined at line 605 of chunk [lovely debugplus.console "debugplus/console.lua"])
(4) Lua method 'loc_vars' at file 'content/consumables.lua:4942' (from mod with id jen)
	Local variables:
	 self = table: 0x32f6fb08  {can_use:function: 0x32f6ff60, loc_vars:function: 0x32f6fef8, bulk_use:function: 0x32f6ffa8, _saved_d_u:true, original_key:uno_redace, use:function: 0x32f6ff80 (more...)}
	 info_queue = table: 0x3307f338  {}
	 center = table: 0x31ffe2d0  {under_overlay:false, params:table: 0x31ffe240, click_offset:table: 0x331bd4f0, children:table: 0x31b639c0, ambient_tilt:0.2, parent:table: 0x31b3fca0 (more...)}
	 (*temporary) = table: 0x3322b480  {}
	 (*temporary) = table: 0x33373670  {}
	 (*temporary) = table: 0x34495e28  {}
	 (*temporary) = nil
	 (*temporary) = 7,200  {array:table: 0x33888cf0, sign:1}
	 (*temporary) = number: 7200
	 (*temporary) = nil
	 (*temporary) = 7,200  {array:table: 0x33888cf0, sign:1}
	 (*temporary) = string: "attempt to compare nil with table"
(5) Lua method 'generate_ui' at Steamodded file 'src/game_object.lua:1159' 
	Local variables:
	 self = table: 0x32f6fb08  {can_use:function: 0x32f6ff60, loc_vars:function: 0x32f6fef8, bulk_use:function: 0x32f6ffa8, _saved_d_u:true, original_key:uno_redace, use:function: 0x32f6ff80 (more...)}
	 info_queue = table: 0x3307f338  {}
	 card = table: 0x31ffe2d0  {under_overlay:false, params:table: 0x31ffe240, click_offset:table: 0x331bd4f0, children:table: 0x31b639c0, ambient_tilt:0.2, parent:table: 0x31b3fca0 (more...)}
	 desc_nodes = table: 0x3307f2c0  {}
	 specific_vars = table: 0x31ba9998  {}
	 full_UI_table = table: 0x3356b350  {badges:table: 0x3356b328, info:table: 0x3307f2e8, main:table: 0x3307f2c0, card_type:jen_uno, type:table: 0x3307f310}
	 target = table: 0x3307f258  {vars:table: 0x31ba9998, set:jen_uno, type:descriptions, nodes:table: 0x3307f2c0, key:c_jen_uno_redace, AUT:table: 0x3356b350}
	 res = table: 0x3322b458  {}
(6) Lua upvalue 'gcui' at file 'functions/common_events.lua:3070'
	Local variables:
	 _c = table: 0x32f6fb08  {can_use:function: 0x32f6ff60, loc_vars:function: 0x32f6fef8, bulk_use:function: 0x32f6ffa8, _saved_d_u:true, original_key:uno_redace, use:function: 0x32f6ff80 (more...)}
	 full_UI_table = table: 0x3356b350  {badges:table: 0x3356b328, info:table: 0x3307f2e8, main:table: 0x3307f2c0, card_type:jen_uno, type:table: 0x3307f310}
	 specific_vars = nil
	 card_type = string: "jen_uno"
	 badges = table: 0x3356b328  {card_type:jen_uno}
	 hide_desc = nil
	 main_start = nil
	 main_end = nil
	 card = table: 0x31ffe2d0  {under_overlay:false, params:table: 0x31ffe240, click_offset:table: 0x331bd4f0, children:table: 0x31b639c0, ambient_tilt:0.2, parent:table: 0x31b3fca0 (more...)}
	 first_pass = boolean: true
	 desc_nodes = table: 0x3307f2c0  {}
	 name_override = nil
	 info_queue = table: 0x3307f338  {}
	 loc_vars = table: 0x31ba9970  {}
	 cfg = table: 0x325df7e8  {h_chips:0, repetitions:0, mult:0, h_x_chips:1, perma_mult:0, t_mult:0, h_dollars:0, set:jen_uno, perma_p_dollars:0, extra_value:0, perma_bonus:0 (more...)}
	 specific_vars = table: 0x31ba9998  {}
(7) Lua method 'generate_UIBox_ability_table' at file 'items/misc.lua:1742' (from mod with id Cryptid)
	Local variables:
	 _c = table: 0x32f6fb08  {can_use:function: 0x32f6ff60, loc_vars:function: 0x32f6fef8, bulk_use:function: 0x32f6ffa8, _saved_d_u:true, original_key:uno_redace, use:function: 0x32f6ff80 (more...)}
	 full_UI_table = nil
	 specific_vars = nil
	 card_type = string: "jen_uno"
	 badges = table: 0x3356b328  {card_type:jen_uno}
	 hide_desc = nil
	 main_start = nil
	 main_end = nil
	 card = table: 0x31ffe2d0  {under_overlay:false, params:table: 0x31ffe240, click_offset:table: 0x331bd4f0, children:table: 0x31b639c0, ambient_tilt:0.2, parent:table: 0x31b3fca0 (more...)}
(8) Lua upvalue 'card_hover_ref' at file 'card.lua:5001'
	Local variables:
	 self = table: 0x31ffe2d0  {under_overlay:false, params:table: 0x31ffe240, click_offset:table: 0x331bd4f0, children:table: 0x31b639c0, ambient_tilt:0.2, parent:table: 0x31b3fca0 (more...)}
(9) Lua upvalue 'old_Card_hover' at file 'galdur.lua:164' (from mod with id galdur)
	Local variables:
	 self = table: 0x31ffe2d0  {under_overlay:false, params:table: 0x31ffe240, click_offset:table: 0x331bd4f0, children:table: 0x31b639c0, ambient_tilt:0.2, parent:table: 0x31b3fca0 (more...)}
(10) Lua upvalue 'ch' at file 'CardSleeves.lua:2117' (from mod with id CardSleeves)
	Local variables:
	 self = table: 0x31ffe2d0  {under_overlay:false, params:table: 0x31ffe240, click_offset:table: 0x331bd4f0, children:table: 0x31b639c0, ambient_tilt:0.2, parent:table: 0x31b3fca0 (more...)}
(11) Lua method 'hover' at file 'lib/ui.lua:318' (from mod with id Cryptid)
	Local variables:
	 self = table: 0x31ffe2d0  {under_overlay:false, params:table: 0x31ffe240, click_offset:table: 0x331bd4f0, children:table: 0x31b639c0, ambient_tilt:0.2, parent:table: 0x31b3fca0 (more...)}
(12) Lua method 'update' at file 'engine/controller.lua:399'
	Local variables:
	 self = table: 0x31618eb8  {held_button_times:table: 0x31457070, focus_cursor_stack_level:1, snap_cursor_to:table: 0x33653468, interrupt:table: 0x314570c0, saved_axis_cursor_speed:20 (more...)}
	 dt = number: 0.00548332
(13) Lua upvalue 'gameUpdateRef' at file 'game.lua:2909'
	Local variables:
	 self = table: 0x312f4dd8  {F_GUIDE:false, F_CRASH_REPORTS:false, F_QUIT_BUTTON:true, HUD_tags:table: 0x32b82318, F_ENGLISH_ONLY:false, SOUND_MANAGER:table: 0x315f1860, viewed_stake:1 (more...)}
	 dt = number: 0.00548332
(14) Lua upvalue 'upd' at Steamodded file 'src/ui.lua:124' 
	Local variables:
	 self = table: 0x312f4dd8  {F_GUIDE:false, F_CRASH_REPORTS:false, F_QUIT_BUTTON:true, HUD_tags:table: 0x32b82318, F_ENGLISH_ONLY:false, SOUND_MANAGER:table: 0x315f1860, viewed_stake:1 (more...)}
	 dt = number: 0.00548332
(15) Lua upvalue 'game_updateref' at file 'main.lua:2211'
	Local variables:
	 self = table: 0x312f4dd8  {F_GUIDE:false, F_CRASH_REPORTS:false, F_QUIT_BUTTON:true, HUD_tags:table: 0x32b82318, F_ENGLISH_ONLY:false, SOUND_MANAGER:table: 0x315f1860, viewed_stake:1 (more...)}
	 dt = number: 0.00548332
(16) Lua upvalue 'game_updateref' at file 'other/colours.lua:1450' (from mod with id MoreFluff)
	Local variables:
	 self = table: 0x312f4dd8  {F_GUIDE:false, F_CRASH_REPORTS:false, F_QUIT_BUTTON:true, HUD_tags:table: 0x32b82318, F_ENGLISH_ONLY:false, SOUND_MANAGER:table: 0x315f1860, viewed_stake:1 (more...)}
	 dt = number: 0.00548332
(17) Lua upvalue 'gu' at file 'MoreFluff.lua:1149' (from mod with id MoreFluff)
	Local variables:
	 self = table: 0x312f4dd8  {F_GUIDE:false, F_CRASH_REPORTS:false, F_QUIT_BUTTON:true, HUD_tags:table: 0x32b82318, F_ENGLISH_ONLY:false, SOUND_MANAGER:table: 0x315f1860, viewed_stake:1 (more...)}
	 dt = number: 0.00548332
(18) Lua upvalue 'upd' at file 'lib/gameset.lua:29' (from mod with id Cryptid)
	Local variables:
	 self = table: 0x312f4dd8  {F_GUIDE:false, F_CRASH_REPORTS:false, F_QUIT_BUTTON:true, HUD_tags:table: 0x32b82318, F_ENGLISH_ONLY:false, SOUND_MANAGER:table: 0x315f1860, viewed_stake:1 (more...)}
	 dt = number: 0.00548332
(19) Lua upvalue 'game_updateref' at file 'lib/overrides.lua:368' (from mod with id Cryptid)
	Local variables:
	 self = table: 0x312f4dd8  {F_GUIDE:false, F_CRASH_REPORTS:false, F_QUIT_BUTTON:true, HUD_tags:table: 0x32b82318, F_ENGLISH_ONLY:false, SOUND_MANAGER:table: 0x315f1860, viewed_stake:1 (more...)}
	 dt = number: 0.00548332
(20) Lua method 'update' at file 'core/hooks.lua:943' (from mod with id jen)
	Local variables:
	 self = table: 0x312f4dd8  {F_GUIDE:false, F_CRASH_REPORTS:false, F_QUIT_BUTTON:true, HUD_tags:table: 0x32b82318, F_ENGLISH_ONLY:false, SOUND_MANAGER:table: 0x315f1860, viewed_stake:1 (more...)}
	 dt = number: 0.00548332
	 success = boolean: true
	 error_msg = nil
(21) Lua upvalue 'love_update_ref' at file 'main.lua:1032'
	Local variables:
	 dt = number: 0.00548332
(22) Lua upvalue 'oldupd' at file 'modules/controller.lua:1079' (from lovely module handy/controller)
	Local variables:
	 dt = number: 0.00548332
(23) Lua field 'update' at file 'main.lua:2244'
	Local variables:
	 dt = number: 0.00548332
(24) Lua function '?' at file 'main.lua:950' (best guess)
(25) global C function 'xpcall'
(26) LÖVE function at file 'boot.lua:377' (best guess)
	Local variables:
	 func = Lua function '?' (defined at line 921 of chunk main.lua)
	 inerror = boolean: true
	 deferErrhand = Lua function '(LÖVE Function)' (defined at line 348 of chunk [love "boot.lua"])
	 earlyinit = Lua function '(LÖVE Function)' (defined at line 355 of chunk [love "boot.lua"])
 
INFO - [G] file not found: main.lua: No such file or directory
INFO - [G] file not found: main.lua: No such file or directory
INFO - [G] 2025-11-29 13:36:14 :: INFO  :: StackTrace :: Additional Context:
Balatro Version: 1.0.1o-FULL
Modded Version: 1.0.0~BETA-1016c-STEAMODDED
LÖVE Version: 11.5.0
Lovely Version: 0.8.0
Platform: Windows
Steamodded Mods:
    1: Aurinko by jenwalter666 [ID: aurinko, Priority: 9.9e+301, Version: 0.4.14]
    2: More Fluff by notmario, CHECK CREDITS IN MOD TAB [ID: MoreFluff, Version: 1.6.0, Uses Lovely]
    3: Card Sleeves by Larswijn [ID: CardSleeves, Priority: -10, Version: 1.8.1, Uses Lovely]
    4: Lua Patcher by Piengineer12 [ID: lua_patcher, Priority: -1, Version: 4.2.2]
    5: Galdur by Eremel_ [ID: galdur, Priority: -10000, Version: 1.2.1e, Uses Lovely]
    6: Talisman by MathIsFun_, Mathguy24, jenwalter666, cg, lord.ruby [ID: Talisman, Version: 2.6, Uses Lovely]
    7: Almanac (0.0.8) by jenwalter666 [ID: jen, Priority: inf, Version: 0.0.8, Uses Lovely]
    8: Jen's Library by jenwalter666 [ID: JenLib, Version: 0.4.1]
    9: Local Pool Fix by jenwalter666 [ID: jen_localpoolfix]
    10: Cartomancer by stupxd aka stupid [ID: cartomancer, Priority: 69, Version: 4.16-smods-fix, Uses Lovely]
    11: Cryptid by MathIsFun_, Cryptid and Balatro Discords [ID: Cryptid, Priority: 114, Version: 0.5.13, Uses Lovely]
    12: SDM_0's Stuff by SDM_0 [ID: sdm0sstuff, Version: 1.7.3a, Uses Lovely]
    13: Nopeus by jenwalter666, stupxd [ID: nopeus, Version: 2.2.5, Uses Lovely]
    14: DebugPlus by WilsontheWolf [ID: DebugPlus, Version: 1.5.1, Uses Lovely]
    15: Incantation by jenwalter666, MathIsFun_ [ID: incantation, Priority: 9e+301, Version: 0.7.0, Uses Lovely]
    16: Handy by SleepyG11 [ID: Handy, Version: 1.5.1m, Uses Lovely]
    17: Blueprint by stupxd aka stupid, Jonathan [ID: blueprint, Priority: 69, Version: 3.3, Uses Lovely]
Lovely Mods:
    1: Trance 
